<?xml version="1.0" encoding="utf-8"?><testsuites name="pytest tests"><testsuite name="pytest" errors="0" failures="0" skipped="0" tests="91" time="56.766" timestamp="2026-06-16T10:18:09.929255+00:00" hostname="agent-env-f63b62db-85b6-44bd-93d6-7a743be1260c"><testcase classname="test_backend_api.TestAuth" name="test_login_admin_success" time="0.227" /><testcase classname="test_backend_api.TestAuth" name="test_login_wrong_password" time="0.264" /><testcase classname="test_backend_api.TestAuth" name="test_register_new_user" time="0.313" /><testcase classname="test_backend_api.TestAuth" name="test_me_endpoint" time="0.229" /><testcase classname="test_backend_api.TestAuth" name="test_no_token_rejected" time="0.009" /><testcase classname="test_backend_api.TestBotConfigState" name="test_get_config" time="0.006" /><testcase classname="test_backend_api.TestBotConfigState" name="test_get_state" time="0.004" /><testcase classname="test_backend_api.TestBotConfigState" name="test_toggle_bot" time="0.008" /><testcase classname="test_backend_api.TestKillSwitch" name="test_kill_switch_and_reset" time="0.014" /><testcase classname="test_backend_api.TestModeSwitch" name="test_switch_to_real_without_phrase_works" time="0.004" /><testcase classname="test_backend_api.TestModeSwitch" name="test_switch_to_real_no_validation_gate" time="0.007" /><testcase classname="test_backend_api.TestModeSwitch" name="test_switch_to_demo_always_works" time="0.004" /><testcase classname="test_backend_api.TestRiskStrategy" name="test_update_risk" time="0.004" /><testcase classname="test_backend_api.TestRiskStrategy" name="test_update_strategy" time="0.006" /><testcase classname="test_backend_api.TestRiskStrategy" name="test_strategies_list" time="0.003" /><testcase classname="test_backend_api.TestTradesMetrics" name="test_positions_open" time="0.003" /><testcase classname="test_backend_api.TestTradesMetrics" name="test_trades_list" time="0.004" /><testcase classname="test_backend_api.TestTradesMetrics" name="test_trades_metrics" time="0.003" /><testcase classname="test_backend_api.TestTradesMetrics" name="test_equity_curve" time="0.003" /><testcase classname="test_backend_api.TestTradesMetrics" name="test_export_csv" time="0.003" /><testcase classname="test_backend_api.TestAudit" name="test_audit_logs_sorted_desc" time="0.013" /><testcase classname="test_backend_api.TestAudit" name="test_audit_export_json" time="0.020" /><testcase classname="test_backend_api.TestCosts" name="test_costs_crud_and_summary" time="0.020" /><testcase classname="test_backend_api.TestMT5" name="test_mt5_save_and_retrieve_encrypted" time="0.039" /><testcase classname="test_backend_api.TestBacktest" name="test_backtest_run" time="0.007" /><testcase classname="test_backend_api.TestMarket" name="test_market_prices" time="0.003" /><testcase classname="test_backend_api.TestBotLoop" name="test_bot_generates_activity_when_enabled" time="45.026" /><testcase classname="test_decision_engine.TestDecisionEngine" name="test_insufficient_data" time="0.001" /><testcase classname="test_decision_engine.TestDecisionEngine" name="test_uptrend_generates_buy_side" time="0.001" /><testcase classname="test_decision_engine.TestDecisionEngine" name="test_downtrend_generates_sell_side" time="0.001" /><testcase classname="test_decision_engine.TestDecisionEngine" name="test_flat_market_no_signal" time="0.001" /><testcase classname="test_decision_engine.TestDecisionEngine" name="test_threshold_respected" time="0.001" /><testcase classname="test_decision_engine.TestDecisionEngine" name="test_factors_have_french_details" time="0.001" /><testcase classname="test_decision_engine.TestEffectiveSymbols" name="test_normal_mode" time="0.000" /><testcase classname="test_decision_engine.TestEffectiveSymbols" name="test_single_mode" time="0.000" /><testcase classname="test_decision_engine.TestCategorize" name="test_categories" time="0.000" /><testcase classname="test_live_account.TestPeriodPnl" name="test_today_week_month" time="0.000" /><testcase classname="test_live_account.TestPeriodPnl" name="test_empty" time="0.000" /><testcase classname="test_live_account.TestPeriodPnl" name="test_invalid_dates_ignored" time="0.000" /><testcase classname="test_live_account.TestHelpers" name="test_to_dt_iso" time="0.000" /><testcase classname="test_live_account.TestHelpers" name="test_to_dt_naive_gets_utc" time="0.000" /><testcase classname="test_live_account.TestHelpers" name="test_duration" time="0.000" /><testcase classname="test_live_account.TestMt5TradeAggregation" name="test_grouping" time="0.001" /><testcase classname="test_live_account.TestMt5TradeAggregation" name="test_manual_trade_origin" time="0.000" /><testcase classname="test_mt5_ws.TestMT5Connector" name="test_status_shape_when_disconnected" time="0.003" /><testcase classname="test_mt5_ws.TestMT5Connector" name="test_connect_without_credentials_returns_400" time="0.228" /><testcase classname="test_mt5_ws.TestMT5Connector" name="test_connect_with_saved_credentials_fails_gracefully" time="0.006" /><testcase classname="test_mt5_ws.TestMT5Connector" name="test_disconnect_always_ok" time="0.003" /><testcase classname="test_mt5_ws.TestMT5Connector" name="test_live_disconnected_shape" time="0.004" /><testcase classname="test_mt5_ws.TestWebSocket" name="test_ws_rejects_invalid_token" time="0.021" /><testcase classname="test_mt5_ws.TestWebSocket" name="test_ws_accepts_valid_token_and_sends_snapshot" time="0.005" /><testcase classname="test_source_of_truth.TestBotStateUnifiedFormat" name="test_state_has_new_unified_fields" time="0.008" /><testcase classname="test_source_of_truth.TestBotStateUnifiedFormat" name="test_state_source_when_real_but_mt5_disconnected" time="0.011" /><testcase classname="test_source_of_truth.TestPositionsOpen" name="test_open_positions_have_source_sim_and_mode_filter" time="0.008" /><testcase classname="test_source_of_truth.TestTradesNewFields" name="test_trades_mode_demo" time="0.004" /><testcase classname="test_source_of_truth.TestTradesNewFields" name="test_metrics_new_fields_demo" time="0.003" /><testcase classname="test_source_of_truth.TestTradesNewFields" name="test_equity_curve_mode_demo" time="0.003" /><testcase classname="test_source_of_truth.TestModeSwitchNoConfirmation" name="test_switch_real_then_demo_no_phrase" time="0.008" /><testcase classname="test_source_of_truth.TestNewRiskGuards" name="test_update_risk_accepts_new_fields" time="0.011" /><testcase classname="test_source_of_truth.TestMT5CredentialsTrimMerge" name="test_trim_whitespace_in_login_and_server" time="0.010" /><testcase classname="test_source_of_truth.TestMT5CredentialsTrimMerge" name="test_resave_without_password_keeps_existing" time="0.010" /><testcase classname="test_source_of_truth.TestMT5CredentialsTrimMerge" name="test_resave_without_password_first_time_returns_400" time="0.230" /><testcase classname="test_source_of_truth.TestBotToggleAndPausedReason" name="test_toggle_then_state_then_off" time="0.019" /><testcase classname="test_source_of_truth.TestWebSocketSnapshot" name="test_ws_snapshot_has_source_and_positions" time="0.005" /><testcase classname="test_source_of_truth.TestTeardown" name="test_zzz_ensure_demo_disabled_at_end" time="0.009" /><testcase classname="test_telegram_copy.TestRegressionExistingEndpoints" name="test_health" time="0.001" /><testcase classname="test_telegram_copy.TestRegressionExistingEndpoints" name="test_auth_login_works" time="0.000" /><testcase classname="test_telegram_copy.TestRegressionExistingEndpoints" name="test_bot_state" time="0.004" /><testcase classname="test_telegram_copy.TestRegressionExistingEndpoints" name="test_positions_open" time="0.004" /><testcase classname="test_telegram_copy.TestRegressionExistingEndpoints" name="test_trades_metrics" time="0.004" /><testcase classname="test_telegram_copy.TestRegressionExistingEndpoints" name="test_mt5_status" time="0.002" /><testcase classname="test_telegram_copy.TestTelegramAuthGates" name="test_requires_auth[GET-/api/telegram/status-None]" time="0.002" /><testcase classname="test_telegram_copy.TestTelegramAuthGates" name="test_requires_auth[GET-/api/telegram/config-None]" time="0.002" /><testcase classname="test_telegram_copy.TestTelegramAuthGates" name="test_requires_auth[POST-/api/telegram/config-payload2]" time="0.002" /><testcase classname="test_telegram_copy.TestTelegramAuthGates" name="test_requires_auth[POST-/api/telegram/start-login-None]" time="0.002" /><testcase classname="test_telegram_copy.TestTelegramAuthGates" name="test_requires_auth[POST-/api/telegram/submit-code-payload4]" time="0.002" /><testcase classname="test_telegram_copy.TestTelegramAuthGates" name="test_requires_auth[POST-/api/telegram/submit-password-payload5]" time="0.001" /><testcase classname="test_telegram_copy.TestTelegramAuthGates" name="test_requires_auth[GET-/api/telegram/signals-None]" time="0.001" /><testcase classname="test_telegram_copy.TestTelegramAuthGates" name="test_requires_auth[POST-/api/telegram/test-parse-payload7]" time="0.002" /><testcase classname="test_telegram_copy.TestTelegramStatusAndConfig" name="test_status_shape" time="0.003" /><testcase classname="test_telegram_copy.TestTelegramStatusAndConfig" name="test_config_get_returns_persisted" time="0.003" /><testcase classname="test_telegram_copy.TestTelegramStatusAndConfig" name="test_config_partial_update_each_field" time="0.024" /><testcase classname="test_telegram_copy.TestTelegramStatusAndConfig" name="test_config_get_after_post_persists" time="0.009" /><testcase classname="test_telegram_copy.TestTelegramTestParse" name="test_parse_rentatrade_buy_with_range_and_runner" time="2.085" /><testcase classname="test_telegram_copy.TestTelegramTestParse" name="test_parse_non_signal_chat" time="1.341" /><testcase classname="test_telegram_copy.TestTelegramTestParse" name="test_parse_sell_gold_alias" time="5.588" /><testcase classname="test_telegram_copy.TestTelegramSignals" name="test_signals_list_shape" time="0.058" /><testcase classname="test_telegram_copy.TestTelegramSignals" name="test_signals_limit_caps_at_200" time="0.014" /><testcase classname="test_telegram_copy.TestTelegramSignals" name="test_signals_status_filter" time="0.035" /><testcase classname="test_telegram_copy.TestBackendStabilityWithTelegramDown" name="test_health_still_ok_after_module_load" time="0.408" /><testcase classname="test_telegram_copy.TestBackendStabilityWithTelegramDown" name="test_status_reports_not_authorized_not_crashed" time="0.006" /></testsuite></testsuites>